<?xml version="1.0" encoding="UTF-8"?>
<testsuite name="W14B_G4_Assignment2.CustomerTest" tests="3" skipped="0" failures="0" errors="0" timestamp="2020-11-19T11:49:14" hostname="192-168-1-108.tpgi.com.au" time="0.002">
  <properties/>
  <testcase name="TestCustomerGetMethod()" classname="W14B_G4_Assignment2.CustomerTest" time="0.0"/>
  <testcase name="TestCustomerConstructor()" classname="W14B_G4_Assignment2.CustomerTest" time="0.0"/>
  <testcase name="TestCustomerSelectItems()" classname="W14B_G4_Assignment2.CustomerTest" time="0.0"/>
  <system-out><![CDATA[]]></system-out>
  <system-err><![CDATA[]]></system-err>
</testsuite>
