<?xml version="1.0" encoding="UTF-8"?>
<testsuite name="W14B_G4_Assignment2.CashierTest" tests="3" skipped="0" failures="0" errors="0" timestamp="2020-11-19T11:48:31" hostname="192-168-1-108.tpgi.com.au" time="0.003">
  <properties/>
  <testcase name="TestCashierGetMethod()" classname="W14B_G4_Assignment2.CashierTest" time="0.001"/>
  <testcase name="TestCashierHandleChanges()" classname="W14B_G4_Assignment2.CashierTest" time="0.001"/>
  <testcase name="TestCashierConstructor()" classname="W14B_G4_Assignment2.CashierTest" time="0.001"/>
  <system-out><![CDATA[]]></system-out>
  <system-err><![CDATA[]]></system-err>
</testsuite>
