<?xml version="1.0" encoding="UTF-8"?>
<testsuite name="W14B_G4_Assignment2.TransactionDataTest" tests="2" skipped="0" failures="0" errors="0" timestamp="2020-11-19T11:48:31" hostname="192-168-1-108.tpgi.com.au" time="0.606">
  <properties/>
  <testcase name="getRecentPurchaseTest()" classname="W14B_G4_Assignment2.TransactionDataTest" time="0.195"/>
  <testcase name="generateAllTransTest()" classname="W14B_G4_Assignment2.TransactionDataTest" time="0.41"/>
  <system-out><![CDATA[]]></system-out>
  <system-err><![CDATA[]]></system-err>
</testsuite>
